<?xml version="1.0" encoding="UTF-8"?>
<!-- Generated by org.testng.reporters.JUnitXMLReporter -->
<testsuite ignored="0" hostname="Rohit_11" failures="0" tests="11" name="Test" time="0.113" errors="0" timestamp="2025-05-01T11:05:47 IST">
  <testcase classname="test.day3" name="APILogincarLoan" time="0.007"/>
  <testcase classname="test.day3" name="MobileLogincarLoan" time="0.001"/>
  <testcase classname="test.day3" name="WebLogincarLoan" time="0.004"/>
  <testcase classname="test.day2" name="ploan" time="0.001"/>
  <testcase classname="test.day4" name="APILoginHomeLoan" time="0.002"/>
  <testcase classname="test.day4" name="MobileLoginHomeLoan" time="0.002"/>
  <testcase classname="test.day4" name="MobileLogoutHomeLoan" time="0.005"/>
  <testcase classname="test.day4" name="MobileSignInHomeLoan" time="0.001"/>
  <testcase classname="test.day4" name="WebLoginHomeLoan" time="0.002"/>
  <testcase classname="test.day1" name="demo" time="0.001"/>
  <testcase classname="test.day1" name="demosecond" time="0.003"/>
</testsuite> <!-- Test -->
