<?xml version="1.0" encoding="UTF-8"?>
<!-- Generated by org.testng.reporters.JUnitXMLReporter -->
<testsuite ignored="2" hostname="Rohit_11" failures="0" tests="1" name="Car Loan" time="0.005" errors="0" timestamp="2025-05-01T10:02:41 IST">
  <testcase classname="test.day3" name="WebLogincarLoan" time="0.001"/>
  <testcase classname="test.day3" name="MobileLogincarLoan" time="0.0">
    <ignored/>
  </testcase> <!-- MobileLogincarLoan -->
  <testcase classname="test.day3" name="APILogincarLoan" time="0.0">
    <ignored/>
  </testcase> <!-- APILogincarLoan -->
</testsuite> <!-- Car Loan -->
