<?xml version="1.0" encoding="UTF-8"?>
<!-- Generated by org.testng.reporters.JUnitXMLReporter -->
<testsuite ignored="8" hostname="Rohit_11" failures="0" tests="3" name="Regression" time="0.102" errors="0" timestamp="2025-05-01T11:03:47 IST">
  <testcase classname="test.day1" name="demosecond" time="0.01"/>
  <testcase classname="test.day3" name="MobileLogincarLoan" time="0.002"/>
  <testcase classname="test.day4" name="MobileLogoutHomeLoan" time="0.003"/>
  <testcase classname="test.day1" name="demo" time="0.0">
    <ignored/>
  </testcase> <!-- demo -->
  <testcase classname="test.day2" name="ploan" time="0.0">
    <ignored/>
  </testcase> <!-- ploan -->
  <testcase classname="test.day3" name="APILogincarLoan" time="0.0">
    <ignored/>
  </testcase> <!-- APILogincarLoan -->
  <testcase classname="test.day4" name="APILoginHomeLoan" time="0.0">
    <ignored/>
  </testcase> <!-- APILoginHomeLoan -->
  <testcase classname="test.day3" name="WebLogincarLoan" time="0.0">
    <ignored/>
  </testcase> <!-- WebLogincarLoan -->
  <testcase classname="test.day4" name="MobileSignInHomeLoan" time="0.0">
    <ignored/>
  </testcase> <!-- MobileSignInHomeLoan -->
  <testcase classname="test.day4" name="MobileLoginHomeLoan" time="0.0">
    <ignored/>
  </testcase> <!-- MobileLoginHomeLoan -->
  <testcase classname="test.day4" name="WebLoginHomeLoan" time="0.0">
    <ignored/>
  </testcase> <!-- WebLoginHomeLoan -->
</testsuite> <!-- Regression -->
