<?xml version="1.0" encoding="UTF-8"?>
<testng-results ignored="0" total="2" passed="2" failed="0" skipped="0">
  <reporter-output>
  </reporter-output>
  <suite started-at="2025-05-03T12:25:30 IST" name="Default suite" finished-at="2025-05-03T12:25:30 IST" duration-ms="51">
    <groups>
    </groups>
    <test started-at="2025-05-03T12:25:30 IST" name="Default test" finished-at="2025-05-03T12:25:30 IST" duration-ms="51">
      <class name="test.ps1">
        <test-method signature="demo1()[pri:0, instance:test.ps1@2f8dad04]" started-at="2025-05-03T12:25:30 IST" name="demo1" finished-at="2025-05-03T12:25:30 IST" duration-ms="11" status="PASS">
          <reporter-output>
          </reporter-output>
        </test-method> <!-- demo1 -->
        <test-method signature="doThis()[pri:0, instance:test.ps1@2f8dad04]" started-at="2025-05-03T12:25:30 IST" name="doThis" finished-at="2025-05-03T12:25:30 IST" duration-ms="1" status="PASS">
          <reporter-output>
          </reporter-output>
        </test-method> <!-- doThis -->
      </class> <!-- test.ps1 -->
    </test> <!-- Default test -->
  </suite> <!-- Default suite -->
</testng-results>
